GROUP,PACKAGE,CLASS,INSTRUCTION_MISSED,INSTRUCTION_COVERED,BRANCH_MISSED,BRANCH_COVERED,LINE_MISSED,LINE_COVERED,COMPLEXITY_MISSED,COMPLEXITY_COVERED,METHOD_MISSED,METHOD_COVERED
barometro,es.miguel.barometro,NewMain,6,0,0,0,3,0,2,0,2,0
barometro,es.miguel.barometro,ProgressBarController,47,0,2,0,15,0,8,0,7,0
barometro,es.miguel.barometro,Barometro,397,222,36,12,103,55,37,10,19,4
barometro,es.miguel.barometro,BarometroController.new ListCell() {...},30,0,4,0,8,0,4,0,2,0
barometro,es.miguel.barometro,BarometroController.new Validator() {...},29,0,6,0,5,0,5,0,2,0
barometro,es.miguel.barometro,ProgressBarController.new Task() {...},60,0,2,0,9,0,3,0,2,0
barometro,es.miguel.barometro,App,71,0,0,0,19,0,7,0,7,0
barometro,es.miguel.barometro,BarometroController,1062,0,21,0,218,0,33,0,21,0
barometro,es.miguel.barometro,Medicion,53,37,0,0,15,18,7,10,7,10
